Started at Mon Mar 21 12:59:36 UTC 2022
Processing test
Offering test to Project Build Discarder
Processing test2
Offering test2 to Project Build Discarder
Processing test3
Offering test3 to Project Build Discarder
Processing test4
Offering test4 to Project Build Discarder
Processing test5
Offering test5 to Project Build Discarder
Finished at Mon Mar 21 12:59:36 UTC 2022. 76ms
Started at Mon Mar 21 14:14:36 UTC 2022
Processing test
Offering test to Project Build Discarder
Processing test2
Offering test2 to Project Build Discarder
Processing test3
Offering test3 to Project Build Discarder
Processing test4
Offering test4 to Project Build Discarder
Processing test5
Offering test5 to Project Build Discarder
Finished at Mon Mar 21 14:14:36 UTC 2022. 60ms
Started at Tue Mar 22 03:51:24 UTC 2022
Processing test
Offering test to Project Build Discarder
Processing test2
Offering test2 to Project Build Discarder
Processing test3
Offering test3 to Project Build Discarder
Processing test4
Offering test4 to Project Build Discarder
Processing test5
Offering test5 to Project Build Discarder
Finished at Tue Mar 22 03:51:24 UTC 2022. 60ms
